<?xml version="1.0" encoding="UTF-8"?>
<!-- Generated by org.testng.reporters.JUnitXMLReporter -->
<testsuite ignored="0" hostname="users-MBP" failures="0" tests="1" name="Test-1" time="18.736" errors="0" timestamp="2023-05-16T09:13:25 WAT">
  <testcase classname="greenmouse.TestDemo" name="titleCheck" time="17.05"/>
</testsuite> <!-- Test-1 -->
